
> errolian-club@0.0.0 dev
> vite --host --port 3000


  VITE v6.3.5  ready in 100 ms

  ➜  Local:   http://localhost:3000/
  ➜  Network: http://10.255.255.254:3000/
  ➜  Network: http://172.28.90.86:3000/
6:27:07 PM [vite] (client) page reload src/types/events.ts
6:27:23 PM [vite] (client) hmr update /src/components/calendar/ItineraryBuilder.tsx, /src/index.css
6:27:28 PM [vite] (client) hmr update /src/components/calendar/ItineraryBuilder.tsx, /src/index.css
6:27:34 PM [vite] (client) hmr update /src/components/calendar/ItineraryBuilder.tsx, /src/index.css
6:27:41 PM [vite] (client) hmr update /src/components/calendar/ItineraryBuilder.tsx, /src/index.css
6:27:46 PM [vite] (client) hmr update /src/components/calendar/ItineraryBuilder.tsx, /src/index.css
6:27:53 PM [vite] (client) hmr update /src/components/calendar/ItineraryBuilder.tsx, /src/index.css
6:28:01 PM [vite] (client) hmr update /src/components/calendar/ItineraryBuilder.tsx, /src/index.css
6:28:10 PM [vite] (client) hmr update /src/components/calendar/ItineraryBuilder.tsx, /src/index.css
6:28:19 PM [vite] (client) hmr update /src/components/calendar/ItineraryBuilder.tsx, /src/index.css
6:28:37 PM [vite] (client) hmr update /src/components/calendar/ItineraryBuilder.tsx, /src/index.css
6:28:44 PM [vite] (client) hmr update /src/components/calendar/NewEventSheet.tsx, /src/index.css
6:28:59 PM [vite] (client) hmr update /src/pages/Calendar.tsx, /src/index.css
6:29:15 PM [vite] (client) hmr update /src/pages/Calendar.tsx, /src/index.css
6:29:21 PM [vite] (client) hmr update /src/pages/Calendar.tsx, /src/index.css
6:29:39 PM [vite] (client) hmr update /src/pages/Calendar.tsx, /src/index.css
6:30:21 PM [vite] (client) hmr update /src/components/calendar/ItineraryBuilder.tsx, /src/index.css
6:30:26 PM [vite] (client) hmr update /src/components/calendar/ItineraryBuilder.tsx, /src/index.css
6:30:31 PM [vite] (client) hmr update /src/components/calendar/ItineraryBuilder.tsx, /src/index.css
6:30:38 PM [vite] (client) hmr update /src/components/calendar/NewEventSheet.tsx, /src/index.css
6:52:12 PM [vite] (client) hmr update /src/pages/Calendar.tsx, /src/index.css
6:52:50 PM [vite] (client) hmr update /src/pages/Calendar.tsx, /src/index.css, /src/pages/Home.tsx, /src/pages/SplitPay.tsx, /src/pages/ExpenseEventDetail.tsx, /src/pages/Documents.tsx, /src/components/calendar/AvailabilitySheet.tsx, /src/components/calendar/NewEventSheet.tsx, /src/components/documents/FolderCard.tsx, /src/components/splitpay/EditExpenseEventModal.tsx, /src/components/documents/DocumentCard.tsx, /src/components/documents/DocumentUploadModal.tsx, /src/components/splitpay/AddExpenseModal.tsx
6:53:04 PM [vite] (client) hmr update /src/pages/Calendar.tsx, /src/index.css, /src/pages/Home.tsx, /src/pages/SplitPay.tsx, /src/pages/ExpenseEventDetail.tsx, /src/pages/Documents.tsx, /src/components/calendar/AvailabilitySheet.tsx, /src/components/calendar/NewEventSheet.tsx, /src/components/documents/FolderCard.tsx, /src/components/splitpay/EditExpenseEventModal.tsx, /src/components/documents/DocumentCard.tsx, /src/components/documents/DocumentUploadModal.tsx, /src/components/splitpay/AddExpenseModal.tsx
6:53:50 PM [vite] (client) hmr update /src/pages/Calendar.tsx, /src/index.css
7:01:01 PM [vite] (client) hmr update /src/pages/Calendar.tsx, /src/index.css, /src/pages/Home.tsx, /src/pages/SplitPay.tsx, /src/pages/ExpenseEventDetail.tsx, /src/pages/Documents.tsx, /src/components/calendar/AvailabilitySheet.tsx, /src/components/calendar/NewEventSheet.tsx, /src/components/documents/FolderCard.tsx, /src/components/splitpay/EditExpenseEventModal.tsx, /src/components/documents/DocumentCard.tsx, /src/components/documents/DocumentUploadModal.tsx, /src/components/splitpay/AddExpenseModal.tsx
7:01:17 PM [vite] (client) hmr update /src/pages/Calendar.tsx, /src/index.css
7:01:33 PM [vite] (client) hmr update /src/pages/Calendar.tsx, /src/index.css, /src/pages/Home.tsx, /src/pages/SplitPay.tsx, /src/pages/ExpenseEventDetail.tsx, /src/pages/Documents.tsx, /src/components/calendar/AvailabilitySheet.tsx, /src/components/calendar/NewEventSheet.tsx, /src/components/documents/FolderCard.tsx, /src/components/splitpay/EditExpenseEventModal.tsx, /src/components/documents/DocumentCard.tsx, /src/components/documents/DocumentUploadModal.tsx, /src/components/splitpay/AddExpenseModal.tsx
8:51:02 PM [vite] (client) page reload src/types/events.ts
8:51:15 PM [vite] (client) page reload src/types/events.ts
8:51:40 PM [vite] (client) page reload src/types/supabase.ts
8:51:51 PM [vite] (client) page reload src/types/supabase.ts
8:52:02 PM [vite] (client) page reload src/types/supabase.ts
8:52:22 PM [vite] (client) hmr update /src/pages/Calendar.tsx, /src/index.css
8:52:35 PM [vite] (client) hmr update /src/pages/Calendar.tsx, /src/index.css
8:52:45 PM [vite] (client) hmr update /src/pages/Calendar.tsx, /src/index.css
8:52:54 PM [vite] (client) hmr update /src/pages/Calendar.tsx, /src/index.css
8:53:03 PM [vite] (client) hmr update /src/pages/Calendar.tsx, /src/index.css
8:53:15 PM [vite] (client) hmr update /src/pages/Calendar.tsx, /src/index.css
8:53:25 PM [vite] (client) hmr update /src/pages/Calendar.tsx, /src/index.css, /src/pages/Home.tsx, /src/pages/SplitPay.tsx, /src/pages/ExpenseEventDetail.tsx, /src/pages/Documents.tsx, /src/components/calendar/AvailabilitySheet.tsx, /src/components/calendar/NewEventSheet.tsx, /src/components/documents/FolderCard.tsx, /src/components/splitpay/EditExpenseEventModal.tsx, /src/components/documents/DocumentCard.tsx, /src/components/documents/DocumentUploadModal.tsx, /src/components/splitpay/AddExpenseModal.tsx
8:53:36 PM [vite] (client) hmr update /src/pages/Calendar.tsx, /src/index.css, /src/pages/Home.tsx, /src/pages/SplitPay.tsx, /src/pages/ExpenseEventDetail.tsx, /src/pages/Documents.tsx, /src/components/calendar/AvailabilitySheet.tsx, /src/components/calendar/NewEventSheet.tsx, /src/components/documents/FolderCard.tsx, /src/components/splitpay/EditExpenseEventModal.tsx, /src/components/documents/DocumentCard.tsx, /src/components/documents/DocumentUploadModal.tsx, /src/components/splitpay/AddExpenseModal.tsx
8:53:45 PM [vite] (client) hmr update /src/pages/Calendar.tsx, /src/index.css, /src/pages/Home.tsx, /src/pages/SplitPay.tsx, /src/pages/ExpenseEventDetail.tsx, /src/pages/Documents.tsx, /src/components/calendar/AvailabilitySheet.tsx, /src/components/calendar/NewEventSheet.tsx, /src/components/documents/FolderCard.tsx, /src/components/splitpay/EditExpenseEventModal.tsx, /src/components/documents/DocumentCard.tsx, /src/components/documents/DocumentUploadModal.tsx, /src/components/splitpay/AddExpenseModal.tsx
8:53:56 PM [vite] (client) hmr update /src/pages/Calendar.tsx, /src/index.css, /src/pages/Home.tsx, /src/pages/SplitPay.tsx, /src/pages/ExpenseEventDetail.tsx, /src/pages/Documents.tsx, /src/components/calendar/AvailabilitySheet.tsx, /src/components/calendar/NewEventSheet.tsx, /src/components/documents/FolderCard.tsx, /src/components/splitpay/EditExpenseEventModal.tsx, /src/components/documents/DocumentCard.tsx, /src/components/documents/DocumentUploadModal.tsx, /src/components/splitpay/AddExpenseModal.tsx
9:03:45 PM [vite] (client) hmr update /src/components/calendar/ItineraryBuilder.tsx, /src/index.css
9:03:59 PM [vite] (client) hmr update /src/components/calendar/NewEventSheet.tsx, /src/index.css
9:04:22 PM [vite] (client) hmr update /src/pages/Calendar.tsx, /src/index.css
9:04:41 PM [vite] (client) hmr update /src/pages/Calendar.tsx, /src/index.css
9:04:50 PM [vite] (client) hmr update /src/pages/Calendar.tsx, /src/index.css, /src/pages/Home.tsx, /src/pages/SplitPay.tsx, /src/pages/ExpenseEventDetail.tsx, /src/pages/Documents.tsx, /src/components/calendar/AvailabilitySheet.tsx, /src/components/calendar/NewEventSheet.tsx, /src/components/documents/FolderCard.tsx, /src/components/splitpay/EditExpenseEventModal.tsx, /src/components/documents/DocumentCard.tsx, /src/components/documents/DocumentUploadModal.tsx, /src/components/splitpay/AddExpenseModal.tsx
9:05:33 PM [vite] (client) page reload src/types/supabase.ts
9:08:31 PM [vite] (client) hmr update /src/pages/SplitPayEventDetails.tsx, /src/index.css
9:09:09 PM [vite] (client) hmr update /src/components/calendar/ItineraryDetailSheet.tsx, /src/index.css
9:09:27 PM [vite] (client) hmr update /src/pages/Calendar.tsx, /src/index.css, /src/pages/Home.tsx, /src/pages/SplitPay.tsx, /src/pages/ExpenseEventDetail.tsx, /src/pages/Documents.tsx, /src/components/calendar/AvailabilitySheet.tsx, /src/components/calendar/NewEventSheet.tsx, /src/components/documents/FolderCard.tsx, /src/components/splitpay/EditExpenseEventModal.tsx, /src/components/documents/DocumentCard.tsx, /src/components/documents/DocumentUploadModal.tsx, /src/components/splitpay/AddExpenseModal.tsx
9:15:53 PM [vite] (client) hmr update /src/components/calendar/ItineraryDetailSheet.tsx, /src/index.css
9:16:00 PM [vite] (client) hmr update /src/pages/SplitPayEventDetails.tsx, /src/index.css
9:16:43 PM [vite] (client) hmr update /src/pages/SplitPayEventDetails.tsx, /src/index.css
9:19:19 PM [vite] (client) hmr update /src/pages/Calendar.tsx, /src/index.css, /src/pages/Home.tsx, /src/pages/SplitPay.tsx, /src/pages/ExpenseEventDetail.tsx, /src/pages/Documents.tsx, /src/components/calendar/AvailabilitySheet.tsx, /src/components/calendar/NewEventSheet.tsx, /src/components/documents/FolderCard.tsx, /src/components/splitpay/EditExpenseEventModal.tsx, /src/components/documents/DocumentCard.tsx, /src/components/documents/DocumentUploadModal.tsx, /src/components/splitpay/AddExpenseModal.tsx
9:19:37 PM [vite] (client) hmr update /src/pages/Calendar.tsx, /src/index.css
9:22:13 PM [vite] (client) hmr update /src/pages/Calendar.tsx, /src/index.css
9:22:24 PM [vite] (client) hmr update /src/pages/Calendar.tsx, /src/index.css
9:22:38 PM [vite] (client) hmr update /src/pages/Calendar.tsx, /src/index.css, /src/pages/Home.tsx, /src/pages/SplitPay.tsx, /src/pages/ExpenseEventDetail.tsx, /src/pages/Documents.tsx, /src/components/calendar/AvailabilitySheet.tsx, /src/components/calendar/NewEventSheet.tsx, /src/components/documents/FolderCard.tsx, /src/components/splitpay/EditExpenseEventModal.tsx, /src/components/documents/DocumentCard.tsx, /src/components/documents/DocumentUploadModal.tsx, /src/components/splitpay/AddExpenseModal.tsx
